2024-08-30T09:37:22.883+02:00  INFO 7032 --- [main] mdd.api.ApiApplication                   : Starting ApiApplication using Java 21.0.2 with PID 7032 (/home/bulle/Bureau/oc-dev-fs-angular-java/P6-fullstack-dev-app/Developpez-une-application-full-stack-complete/back/target/classes started by bulle in /home/bulle/Bureau/oc-dev-fs-angular-java/P6-fullstack-dev-app/Developpez-une-application-full-stack-complete/back)
2024-08-30T09:37:22.928+02:00  INFO 7032 --- [main] mdd.api.ApiApplication                   : No active profile set, falling back to 1 default profile: "default"
2024-08-30T09:37:30.629+02:00  INFO 7032 --- [main] o.s.b.w.embedded.tomcat.TomcatWebServer  : Tomcat initialized with port 3002 (http)
2024-08-30T09:37:46.215+02:00  INFO 7032 --- [main] o.s.b.w.embedded.tomcat.TomcatWebServer  : Tomcat started on port 3002 (http) with context path '/api'
2024-08-30T09:37:46.257+02:00  INFO 7032 --- [main] mdd.api.ApiApplication                   : Started ApiApplication in 26.871 seconds (process running for 29.792)
2024-08-30T10:52:29.500+02:00  INFO 22462 --- [main] mdd.api.ApiApplication                   : Starting ApiApplication using Java 21.0.2 with PID 22462 (/home/bulle/Bureau/oc-dev-fs-angular-java/P6-fullstack-dev-app/Developpez-une-application-full-stack-complete/back/target/classes started by bulle in /home/bulle/Bureau/oc-dev-fs-angular-java/P6-fullstack-dev-app/Developpez-une-application-full-stack-complete/back)
2024-08-30T10:52:29.512+02:00  INFO 22462 --- [main] mdd.api.ApiApplication                   : No active profile set, falling back to 1 default profile: "default"
2024-08-30T10:52:32.931+02:00  INFO 22462 --- [main] o.s.b.w.embedded.tomcat.TomcatWebServer  : Tomcat initialized with port 3002 (http)
2024-08-30T10:52:37.059+02:00  INFO 22462 --- [main] o.s.b.w.embedded.tomcat.TomcatWebServer  : Tomcat started on port 3002 (http) with context path '/api'
2024-08-30T10:52:37.075+02:00  INFO 22462 --- [main] mdd.api.ApiApplication                   : Started ApiApplication in 9.368 seconds (process running for 10.733)
2024-08-30T10:55:29.327+02:00  INFO 23771 --- [main] mdd.api.ApiApplication                   : Starting ApiApplication using Java 21.0.2 with PID 23771 (/home/bulle/Bureau/oc-dev-fs-angular-java/P6-fullstack-dev-app/Developpez-une-application-full-stack-complete/back/target/classes started by bulle in /home/bulle/Bureau/oc-dev-fs-angular-java/P6-fullstack-dev-app/Developpez-une-application-full-stack-complete/back)
2024-08-30T10:55:29.330+02:00  INFO 23771 --- [main] mdd.api.ApiApplication                   : No active profile set, falling back to 1 default profile: "default"
2024-08-30T10:55:32.403+02:00  INFO 23771 --- [main] o.s.b.w.embedded.tomcat.TomcatWebServer  : Tomcat initialized with port 3002 (http)
2024-08-30T10:55:36.452+02:00  INFO 23771 --- [main] o.s.b.w.embedded.tomcat.TomcatWebServer  : Tomcat started on port 3002 (http) with context path '/api'
2024-08-30T10:55:36.467+02:00  INFO 23771 --- [main] mdd.api.ApiApplication                   : Started ApiApplication in 8.971 seconds (process running for 10.223)
2024-08-30T10:59:27.171+02:00  INFO 25084 --- [main] mdd.api.ApiApplication                   : Starting ApiApplication using Java 21.0.2 with PID 25084 (/home/bulle/Bureau/oc-dev-fs-angular-java/P6-fullstack-dev-app/Developpez-une-application-full-stack-complete/back/target/classes started by bulle in /home/bulle/Bureau/oc-dev-fs-angular-java/P6-fullstack-dev-app/Developpez-une-application-full-stack-complete/back)
2024-08-30T10:59:27.177+02:00  INFO 25084 --- [main] mdd.api.ApiApplication                   : No active profile set, falling back to 1 default profile: "default"
2024-08-30T10:59:29.779+02:00  INFO 25084 --- [main] o.s.b.w.embedded.tomcat.TomcatWebServer  : Tomcat initialized with port 3002 (http)
2024-08-30T10:59:33.715+02:00  INFO 25084 --- [main] o.s.b.w.embedded.tomcat.TomcatWebServer  : Tomcat started on port 3002 (http) with context path '/api'
2024-08-30T10:59:33.731+02:00  INFO 25084 --- [main] mdd.api.ApiApplication                   : Started ApiApplication in 7.651 seconds (process running for 9.465)
